0 silly input [ 'build', '@abb/web}' ]
1 silly flags { _: [ 'run' ],
1 silly flags   'reject-cycles': false,
1 silly flags   rejectCycles: false,
1 silly flags   scope: '{@abb/common,@abb/controller,',
1 silly flags   script: 'build',
1 silly flags   args: [ '@abb/web}' ] }
2 verbose rootPath /home/arekko/code/abb-2
3 info version 2.11.0
4 silly existsSync /home/arekko/code/abb-2/VERSION
5 info scope {@abb/common,@abb/controller,
6 error EPACKAGES Errored while collecting packages and package graph
7 error Error: No packages found that match scope '{@abb/common,@abb/controller,'
7 error     at Function.filterPackages (/home/arekko/code/abb-2/node_modules/lerna/lib/PackageUtilities.js:252:17)
7 error     at RunCommand.runPreparations (/home/arekko/code/abb-2/node_modules/lerna/lib/Command.js:333:60)
7 error     at /home/arekko/code/abb-2/node_modules/lerna/lib/Command.js:209:18
7 error     at new Promise (<anonymous>)
7 error     at RunCommand.run (/home/arekko/code/abb-2/node_modules/lerna/lib/Command.js:193:14)
7 error     at Object.handler (/home/arekko/code/abb-2/node_modules/lerna/lib/commands/RunCommand.js:49:14)
7 error     at Object.self.runCommand (/home/arekko/code/abb-2/node_modules/lerna/node_modules/yargs/lib/command.js:233:22)
7 error     at Object.Yargs.self._parseArgs (/home/arekko/code/abb-2/node_modules/lerna/node_modules/yargs/yargs.js:990:30)
7 error     at Object.Yargs.self.parse (/home/arekko/code/abb-2/node_modules/lerna/node_modules/yargs/yargs.js:532:23)
